LP Solver <SoPlex 8.0.0>: barrier convergence tolerance cannot be set -- tolerance of SCIP and LP solver may differ
LP Solver <SoPlex 8.0.0>: fastmip setting not available -- SCIP parameter has no effect
LP Solver <SoPlex 8.0.0>: number of threads settings not available -- SCIP parameter has no effect
transformed problem has 842 variables (421 bin, 0 int, 421 cont) and 479 constraints
    479 constraints of type <linear>

original problem has 2091 active (0.518449%) nonzeros and 2091 (0.518449%) check nonzeros

presolving:
(round 1, exhaustive) 0 del vars, 0 del conss, 0 add conss, 0 chg bounds, 0 chg sides, 0 chg coeffs, 450 upgd conss, 0 impls, 29 clqs, 0 implints
   (0.0s) probing: 100/421 (23.8%) - 0 fixings, 0 aggregations, 2221 implications, 0 bound changes
   (0.0s) probing: 200/421 (47.5%) - 0 fixings, 0 aggregations, 4415 implications, 0 bound changes
   (0.0s) probing: 300/421 (71.3%) - 0 fixings, 1 aggregations, 6653 implications, 0 bound changes
   (0.0s) probing: 400/421 (95.0%) - 0 fixings, 1 aggregations, 8899 implications, 0 bound changes
   (0.0s) probing cycle finished: starting next cycle
(round 2, exhaustive) 1 del vars, 0 del conss, 0 add conss, 0 chg bounds, 0 chg sides, 0 chg coeffs, 450 upgd conss, 9799 impls, 1909 clqs, 0 implints
   (0.0s) probing: 100/421 (23.8%) - 0 fixings, 1 aggregations, 9427 implications, 0 bound changes
   (0.0s) probing: 200/421 (47.5%) - 0 fixings, 1 aggregations, 9447 implications, 0 bound changes
   (0.0s) probing: 300/421 (71.3%) - 0 fixings, 1 aggregations, 9499 implications, 0 bound changes
   (0.0s) probing: 400/421 (95.0%) - 0 fixings, 1 aggregations, 9546 implications, 0 bound changes
   (0.0s) probing cycle finished: starting next cycle
   (0.0s) symmetry computation started: requiring (bin +, int +, cont +), (fixed: bin -, int -, cont -)
   (0.0s) no symmetry present (symcode time: 0.00)
clique table cleanup detected 0 bound changes

presolved problem has 2089 active (0.519654%) nonzeros and 2089 (0.519654%) check nonzeros

presolving (3 rounds: 3 fast, 3 medium, 3 exhaustive):
 1 deleted vars, 0 deleted constraints, 0 added constraints, 0 tightened bounds, 0 added holes, 0 changed sides, 0 changed coefficients
 9885 implications, 1909 cliques, 0 implied integral variables (0 bin, 0 int, 0 cont)
presolved problem has 841 variables (421 bin, 0 int, 420 cont) and 478 constraints
    420 constraints of type <varbound>
     29 constraints of type <setppc>
     29 constraints of type <linear>
transformed objective value is always integral (scale: 1)
Presolving Time: 0.00

 time | node  | left  |LP iter|LP it/n|mem/heur|mdpt |vars |cons |rows |cuts |sepa|confs|strbr|  dualbound   | primalbound  |  gap   | compl. 
p 0.0s|     1 |     0 |     7 |     - |shiftand|   0 | 841 | 479 | 478 |   0 |  0 |   0 |   0 | 0.000000e+00 | 4.374000e+03 |    Inf | unknown
  0.0s|     1 |     0 |   430 |     - |    10M |   0 | 841 | 479 | 478 |   0 |  0 |   0 |   0 | 9.831674e+02 | 4.374000e+03 | 344.89%| unknown
  0.0s|     1 |     0 |   462 |     - |    10M |   0 | 841 | 479 | 483 |   5 |  1 |   0 |   0 | 9.991473e+02 | 4.374000e+03 | 337.77%| unknown
  0.0s|     1 |     0 |   546 |     - |    10M |   0 | 841 | 479 | 488 |  10 |  2 |   0 |   0 | 1.007315e+03 | 4.374000e+03 | 334.22%| unknown
  0.0s|     1 |     0 |   565 |     - |    10M |   0 | 841 | 479 | 493 |  15 |  3 |   0 |   0 | 1.011887e+03 | 4.374000e+03 | 332.26%| unknown
  0.0s|     1 |     0 |   572 |     - |    11M |   0 | 841 | 479 | 498 |  20 |  4 |   0 |   0 | 1.015248e+03 | 4.374000e+03 | 330.83%| unknown
  0.0s|     1 |     0 |   620 |     - |    11M |   0 | 841 | 479 | 503 |  25 |  5 |   0 |   0 | 1.015649e+03 | 4.374000e+03 | 330.66%| unknown
  0.0s|     1 |     0 |   638 |     - |    11M |   0 | 841 | 479 | 508 |  30 |  6 |   0 |   0 | 1.015777e+03 | 4.374000e+03 | 330.61%| unknown
  0.0s|     1 |     0 |   696 |     - |    11M |   0 | 841 | 479 | 513 |  35 |  7 |   0 |   0 | 1.025984e+03 | 4.374000e+03 | 326.32%| unknown
  0.0s|     1 |     0 |   758 |     - |    11M |   0 | 841 | 479 | 518 |  40 |  8 |   0 |   0 | 1.027055e+03 | 4.374000e+03 | 325.88%| unknown
  0.0s|     1 |     0 |   792 |     - |    11M |   0 | 841 | 479 | 523 |  45 |  9 |   0 |   0 | 1.027230e+03 | 4.374000e+03 | 325.81%| unknown
  0.0s|     1 |     0 |   883 |     - |    13M |   0 | 841 | 479 | 528 |  50 | 10 |   0 |   0 | 1.033647e+03 | 4.374000e+03 | 323.16%| unknown
  1.0s|     1 |     2 |  3477 |     - |    13M |   0 | 841 | 494 | 528 |  50 | 10 |  20 |  37 | 1.042122e+03 | 4.374000e+03 | 319.72%| unknown
  1.0s|    10 |    11 |  4394 | 390.9 |    13M |   9 | 841 | 494 | 527 |  50 |  1 |  20 | 143 | 1.042122e+03 | 4.374000e+03 | 319.72%| unknown
d 1.0s|    15 |    16 |  5170 | 306.7 |adaptive|  14 | 841 | 494 | 551 |   0 |  1 |  20 | 164 | 1.042122e+03 | 1.614000e+03 |  54.88%| unknown
 time | node  | left  |LP iter|LP it/n|mem/heur|mdpt |vars |cons |rows |cuts |sepa|confs|strbr|  dualbound   | primalbound  |  gap   | compl. 
  1.0s|    20 |    21 |  5603 | 248.8 |    14M |  14 | 841 | 494 | 531 | 100 |  1 |  20 | 222 | 1.048191e+03 | 1.614000e+03 |  53.98%| unknown
o 2.0s|    27 |    28 |  9295 | 323.8 |objpscos|  14 | 841 | 494 | 555 | 150 |  1 |  20 | 261 | 1.048191e+03 | 1.361000e+03 |  29.84%| unknown
  2.0s|    30 |    29 |  9499 | 297.3 |    18M |  14 | 841 | 494 | 540 | 150 |  2 |  20 | 279 | 1.054239e+03 | 1.361000e+03 |  29.10%| unknown
d 2.0s|    39 |    37 | 10145 | 243.9 |adaptive|  14 | 841 | 494 | 551 |   0 |  1 |  20 | 312 | 1.054239e+03 | 1.357000e+03 |  28.72%| unknown
  2.0s|    40 |    38 | 10279 | 241.1 |    19M |  14 | 841 | 494 | 542 | 200 |  2 |  20 | 318 | 1.054239e+03 | 1.357000e+03 |  28.72%| unknown
  2.0s|    50 |    46 | 10933 | 205.2 |    22M |  14 | 841 | 499 | 556 | 250 |  2 |  27 | 351 | 1.054239e+03 | 1.357000e+03 |  28.72%| unknown
  3.0s|    60 |    54 | 11813 | 185.4 |    22M |  14 | 841 | 499 | 565 | 300 |  2 |  28 | 396 | 1.054239e+03 | 1.357000e+03 |  28.72%| unknown
  3.0s|    70 |    64 | 12721 | 171.7 |    23M |  15 | 841 | 501 | 572 | 350 |  2 |  30 | 424 | 1.054239e+03 | 1.357000e+03 |  28.72%| unknown
* 3.0s|    73 |    58 | 12927 | 167.4 |strongbr|  15 | 841 | 501 | 572 | 350 |  2 |  30 | 426 | 1.054239e+03 | 1.292000e+03 |  22.55%| unknown
  3.0s|    80 |    61 | 13578 | 160.8 |    25M |  15 | 841 | 500 | 561 | 410 |  2 |  30 | 444 | 1.054239e+03 | 1.292000e+03 |  22.55%| unknown
  3.0s|    90 |    67 | 14585 | 154.0 |    27M |  15 | 841 | 500 | 563 | 460 |  0 |  30 | 471 | 1.054239e+03 | 1.292000e+03 |  22.55%| unknown
  4.0s|   100 |    75 | 15205 | 144.7 |    28M |  16 | 841 | 518 | 570 | 510 |  2 |  48 | 494 | 1.054239e+03 | 1.292000e+03 |  22.55%| unknown
  4.0s|   110 |    81 | 16148 | 140.1 |    29M |  19 | 841 | 518 | 576 | 560 |  0 |  48 | 510 | 1.054239e+03 | 1.292000e+03 |  22.55%| unknown
  4.0s|   120 |    87 | 16665 | 132.7 |    30M |  19 | 841 | 522 | 570 | 610 |  0 |  52 | 527 | 1.054239e+03 | 1.292000e+03 |  22.55%| unknown
  4.0s|   130 |    91 | 17264 | 127.0 |    32M |  19 | 841 | 522 | 569 | 660 |  2 |  52 | 531 | 1.054239e+03 | 1.292000e+03 |  22.55%| unknown
 time | node  | left  |LP iter|LP it/n|mem/heur|mdpt |vars |cons |rows |cuts |sepa|confs|strbr|  dualbound   | primalbound  |  gap   | compl. 
  4.0s|   140 |    93 | 18015 | 123.3 |    32M |  19 | 841 | 522 | 606 | 710 |  5 |  54 | 538 | 1.054239e+03 | 1.292000e+03 |  22.55%| unknown
  5.0s|   150 |    99 | 19033 | 121.9 |    32M |  19 | 841 | 522 | 573 | 760 |  2 |  56 | 545 | 1.054239e+03 | 1.292000e+03 |  22.55%| unknown
  5.0s|   160 |   101 | 19277 | 115.7 |    32M |  19 | 841 | 524 | 573 | 760 |  0 |  58 | 549 | 1.054239e+03 | 1.292000e+03 |  22.55%| unknown
  5.0s|   170 |   109 | 20396 | 115.5 |    32M |  19 | 841 | 525 |   0 | 810 |  0 |  60 | 563 | 1.059588e+03 | 1.292000e+03 |  21.93%| unknown
  5.0s|   180 |   115 | 21163 | 113.3 |    34M |  19 | 841 | 525 | 575 | 860 |  2 |  60 | 566 | 1.059588e+03 | 1.292000e+03 |  21.93%| unknown
  5.0s|   190 |   119 | 22301 | 113.4 |    35M |  19 | 841 | 528 | 580 | 910 |  2 |  63 | 577 | 1.059588e+03 | 1.292000e+03 |  21.93%| unknown
  5.0s|   200 |   121 | 22747 | 109.9 |    35M |  19 | 841 | 528 | 575 | 960 |  2 |  63 | 577 | 1.059588e+03 | 1.292000e+03 |  21.93%| unknown
  5.0s|   210 |   127 | 23248 | 107.0 |    35M |  19 | 841 | 528 | 549 | 960 |  1 |  63 | 579 | 1.059588e+03 | 1.292000e+03 |  21.93%|   1.35%
  6.0s|   220 |   131 | 23758 | 104.5 |    35M |  19 | 841 | 528 | 569 |1010 |  2 |  63 | 583 | 1.059588e+03 | 1.292000e+03 |  21.93%|   1.35%
  6.0s|   230 |   139 | 24587 | 103.5 |    35M |  19 | 841 | 528 | 557 |1060 |  2 |  63 | 591 | 1.059588e+03 | 1.292000e+03 |  21.93%|   1.38%
  6.0s|   240 |   145 | 25377 | 102.5 |    35M |  19 | 841 | 528 | 563 |1110 |  4 |  63 | 600 | 1.059588e+03 | 1.292000e+03 |  21.93%|   1.38%
  6.0s|   250 |   151 | 26144 | 101.5 |    35M |  19 | 841 | 528 | 560 |1160 |  2 |  63 | 604 | 1.059588e+03 | 1.292000e+03 |  21.93%|   1.39%
  6.0s|   260 |   157 | 26929 | 100.6 |    35M |  19 | 841 | 528 | 570 |1210 |  1 |  63 | 607 | 1.059588e+03 | 1.292000e+03 |  21.93%|   1.39%
  6.0s|   270 |   161 | 27331 |  98.3 |    35M |  20 | 841 | 530 | 570 |1210 |  0 |  66 | 622 | 1.059588e+03 | 1.292000e+03 |  21.93%|   1.39%
  6.0s|   280 |   167 | 28405 |  98.7 |    35M |  20 | 841 | 533 | 573 |1260 |  0 |  73 | 636 | 1.059588e+03 | 1.292000e+03 |  21.93%|   1.39%
 time | node  | left  |LP iter|LP it/n|mem/heur|mdpt |vars |cons |rows |cuts |sepa|confs|strbr|  dualbound   | primalbound  |  gap   | compl. 
  7.0s|   290 |   173 | 29380 |  98.6 |    35M |  20 | 841 | 533 | 582 |1310 |  2 |  73 | 646 | 1.059588e+03 | 1.292000e+03 |  21.93%|   1.39%
* 7.0s|   294 |   169 | 29495 |  97.7 |    LP  |  20 | 841 | 533 | 582 |1310 |  2 |  73 | 646 | 1.059588e+03 | 1.286000e+03 |  21.37%|   1.41%
  7.0s|   300 |   175 | 30178 |  98.0 |    36M |  20 | 841 | 533 | 559 |1360 |  2 |  73 | 648 | 1.059588e+03 | 1.286000e+03 |  21.37%|   1.41%
  7.0s|   310 |   177 | 30527 |  96.0 |    36M |  20 | 841 | 533 | 536 |1360 |  2 |  73 | 648 | 1.059588e+03 | 1.286000e+03 |  21.37%|   1.43%
  7.0s|   320 |   181 | 30970 |  94.3 |    36M |  20 | 841 | 533 | 554 |1410 |  1 |  73 | 651 | 1.059588e+03 | 1.286000e+03 |  21.37%|   1.44%
  7.0s|   330 |   185 | 31595 |  93.4 |    36M |  20 | 841 | 533 | 567 |1460 |  2 |  73 | 657 | 1.059588e+03 | 1.286000e+03 |  21.37%|   1.44%
  7.0s|   340 |   191 | 32946 |  94.6 |    36M |  20 | 841 | 533 | 553 |1510 |  2 |  74 | 666 | 1.059588e+03 | 1.286000e+03 |  21.37%|   1.60%
  8.0s|   350 |   201 | 34863 |  97.4 |    36M |  20 | 841 | 541 | 575 |1660 |  2 |  86 | 675 | 1.059588e+03 | 1.286000e+03 |  21.37%|   1.60%
  8.0s|   360 |   211 | 36476 |  99.2 |    36M |  20 | 841 | 541 | 548 |1660 |  2 |  86 | 677 | 1.070538e+03 | 1.286000e+03 |  20.13%|   1.66%
  8.0s|   370 |   221 | 38479 | 101.9 |    36M |  20 | 841 | 557 | 540 |1760 |  2 | 102 | 681 | 1.070538e+03 | 1.286000e+03 |  20.13%|   1.75%
  9.0s|   380 |   231 | 40936 | 105.7 |    36M |  20 | 841 | 568 | 611 |1960 |  5 | 113 | 688 | 1.070538e+03 | 1.286000e+03 |  20.13%|   1.84%
  9.0s|   390 |   241 | 42975 | 108.2 |    37M |  20 | 841 | 568 | 548 |2060 |  2 | 113 | 691 | 1.071807e+03 | 1.286000e+03 |  19.98%|   2.19%
  9.0s|   400 |   251 | 45000 | 110.6 |    37M |  20 | 841 | 572 | 544 |2110 |  2 | 117 | 695 | 1.071807e+03 | 1.286000e+03 |  19.98%|   2.31%
 10.0s|   410 |   261 | 51607 | 124.0 |    38M |  20 | 841 | 572 | 567 |2160 |  2 | 117 | 698 | 1.071807e+03 | 1.286000e+03 |  19.98%|   2.35%
 10.0s|   420 |   271 | 52656 | 123.6 |    38M |  20 | 841 | 578 | 547 |2160 |  2 | 123 | 701 | 1.077388e+03 | 1.286000e+03 |  19.36%|   2.80%
 time | node  | left  |LP iter|LP it/n|mem/heur|mdpt |vars |cons |rows |cuts |sepa|confs|strbr|  dualbound   | primalbound  |  gap   | compl. 
 10.0s|   430 |   281 | 54583 | 125.2 |    38M |  20 | 841 | 592 | 565 |2310 |  2 | 137 | 703 | 1.077388e+03 | 1.286000e+03 |  19.36%|   2.81%
 10.0s|   440 |   291 | 55502 | 124.4 |    38M |  20 | 841 | 592 | 563 |2360 |  2 | 137 | 703 | 1.086886e+03 | 1.286000e+03 |  18.32%|   2.87%
 11.0s|   450 |   301 | 57624 | 126.4 |    38M |  20 | 841 | 593 | 534 |2510 |  2 | 138 | 705 | 1.086886e+03 | 1.286000e+03 |  18.32%|   3.13%
d11.0s|   454 |   304 | 58083 | 126.3 |adaptive|  20 | 841 | 589 | 590 |   0 |  5 | 140 | 706 | 1.086886e+03 | 1.285000e+03 |  18.23%|   3.13%
 11.0s|   460 |   310 | 59479 | 127.7 |    38M |  20 | 841 | 591 | 585 |2660 |  2 | 143 | 713 | 1.086886e+03 | 1.285000e+03 |  18.23%|   3.18%
 12.0s|   470 |   320 | 60864 | 127.9 |    38M |  20 | 841 | 591 | 574 |2760 |  1 | 143 | 715 | 1.087026e+03 | 1.285000e+03 |  18.21%|   3.26%
 12.0s|   480 |   330 | 61789 | 127.2 |    39M |  20 | 841 | 591 | 574 |2760 |  2 | 143 | 718 | 1.087026e+03 | 1.285000e+03 |  18.21%|   3.26%
 12.0s|   490 |   336 | 63088 | 127.2 |    39M |  20 | 841 | 598 | 574 |2760 |  2 | 150 | 721 | 1.087026e+03 | 1.285000e+03 |  18.21%|   3.26%
 12.0s|   500 |   344 | 64474 | 127.5 |    39M |  20 | 841 | 602 | 574 |2810 |  2 | 154 | 725 | 1.087026e+03 | 1.285000e+03 |  18.21%|   3.29%
 12.0s|   510 |   352 | 65737 | 127.4 |    39M |  20 | 841 | 603 | 560 |2880 |  2 | 156 | 729 | 1.087920e+03 | 1.285000e+03 |  18.12%|   3.57%
 12.0s|   520 |   362 | 67458 | 128.3 |    39M |  20 | 841 | 617 | 574 |2980 |  2 | 171 | 733 | 1.087920e+03 | 1.285000e+03 |  18.12%|   3.63%
 13.0s|   530 |   372 | 68924 | 128.6 |    39M |  20 | 841 | 620 | 544 |3080 |  2 | 175 | 738 | 1.087920e+03 | 1.285000e+03 |  18.12%|   3.69%
 13.0s|   540 |   382 | 70632 | 129.4 |    39M |  20 | 841 | 624 | 594 |3180 |  2 | 179 | 745 | 1.089440e+03 | 1.285000e+03 |  17.95%|   3.82%
 13.0s|   550 |   390 | 72458 | 130.4 |    39M |  20 | 841 | 627 | 576 |3230 |  4 | 182 | 748 | 1.089440e+03 | 1.285000e+03 |  17.95%|   3.88%
 13.0s|   560 |   396 | 74121 | 131.0 |    39M |  20 | 841 | 637 | 574 |3280 |  2 | 192 | 752 | 1.089440e+03 | 1.285000e+03 |  17.95%|   3.94%
 time | node  | left  |LP iter|LP it/n|mem/heur|mdpt |vars |cons |rows |cuts |sepa|confs|strbr|  dualbound   | primalbound  |  gap   | compl. 
 14.0s|   570 |   406 | 76085 | 132.2 |    39M |  20 | 841 | 648 | 568 |3380 |  2 | 203 | 752 | 1.096983e+03 | 1.285000e+03 |  17.14%|   4.02%
 14.0s|   580 |   416 | 77767 | 132.8 |    39M |  20 | 841 | 662 | 575 |3430 |  2 | 218 | 754 | 1.096983e+03 | 1.285000e+03 |  17.14%|   4.08%
 14.0s|   590 |   426 | 79630 | 133.7 |    39M |  21 | 841 | 662 | 586 |3509 |  2 | 219 | 757 | 1.096983e+03 | 1.285000e+03 |  17.14%|   4.11%
d14.0s|   597 |   278 | 80421 | 133.5 |adaptive|  24 | 841 | 662 | 586 |   0 |  2 | 219 | 772 | 1.096983e+03 | 1.198000e+03 |   9.21%|   5.64%
 14.0s|   600 |   279 | 80540 | 133.0 |    40M |  25 | 841 | 670 | 586 |3509 |  0 | 227 | 773 | 1.096983e+03 | 1.198000e+03 |   9.21%|   5.65%
d14.0s|   603 |   159 | 81063 | 133.2 |adaptive|  25 | 841 | 582 | 552 |   0 |  2 | 227 | 773 | 1.097900e+03 | 1.164000e+03 |   6.02%|   9.84%
 14.0s|   610 |   160 | 81364 | 132.2 |    40M |  25 | 841 | 582 | 563 |3509 |  2 | 227 | 773 | 1.097900e+03 | 1.164000e+03 |   6.02%|  10.24%
 14.0s|   620 |   160 | 82001 | 131.1 |    40M |  25 | 841 | 582 | 577 |3639 |  2 | 227 | 776 | 1.097900e+03 | 1.164000e+03 |   6.02%|  11.19%
 15.0s|   630 |   162 | 83175 | 130.8 |    40M |  25 | 841 | 582 | 577 |3739 |  0 | 227 | 781 | 1.100653e+03 | 1.164000e+03 |   5.76%|  12.58%
 15.0s|   640 |   162 | 83861 | 129.9 |    40M |  25 | 841 | 582 | 605 |3811 |  5 | 227 | 782 | 1.100653e+03 | 1.164000e+03 |   5.76%|  13.89%
 15.0s|   650 |   164 | 84131 | 128.3 |    40M |  26 | 841 | 586 | 582 |3811 |  1 | 231 | 785 | 1.100653e+03 | 1.164000e+03 |   5.76%|  13.94%
 15.0s|   660 |   166 | 84233 | 126.5 |    40M |  31 | 841 | 586 | 582 |3811 |  1 | 231 | 785 | 1.100653e+03 | 1.164000e+03 |   5.76%|  13.94%
 15.0s|   670 |   164 | 84338 | 124.8 |    40M |  31 | 841 | 586 | 589 |3811 |  0 | 231 | 786 | 1.100653e+03 | 1.164000e+03 |   5.76%|  13.94%
*15.0s|   679 |   152 | 85174 | 124.3 |    LP  |  32 | 841 | 586 | 582 |3881 |  1 | 231 | 786 | 1.101456e+03 | 1.162000e+03 |   5.50%|  16.86%
 15.0s|   680 |   153 | 85223 | 124.2 |    40M |  32 | 841 | 585 | 586 |3881 |  5 | 232 | 790 | 1.101456e+03 | 1.162000e+03 |   5.50%|  16.91%
 time | node  | left  |LP iter|LP it/n|mem/heur|mdpt |vars |cons |rows |cuts |sepa|confs|strbr|  dualbound   | primalbound  |  gap   | compl. 
 15.0s|   690 |   155 | 85796 | 123.3 |    40M |  32 | 841 | 585 | 571 |3931 |  2 | 232 | 793 | 1.101456e+03 | 1.162000e+03 |   5.50%|  16.97%
 15.0s|   700 |   157 | 86651 | 122.7 |    40M |  32 | 841 | 584 | 566 |3981 |  3 | 232 | 795 | 1.101456e+03 | 1.162000e+03 |   5.50%|  17.75%
 15.0s|   710 |   159 | 86878 | 121.3 |    40M |  32 | 841 | 585 | 566 |3981 |  0 | 233 | 798 | 1.101456e+03 | 1.162000e+03 |   5.50%|  17.75%
 15.0s|   720 |   159 | 87008 | 119.8 |    40M |  32 | 841 | 588 | 565 |3981 |  0 | 236 | 800 | 1.101456e+03 | 1.162000e+03 |   5.50%|  17.83%
 15.0s|   730 |   163 | 87741 | 119.2 |    40M |  32 | 841 | 588 | 580 |4018 |  1 | 236 | 800 | 1.101456e+03 | 1.162000e+03 |   5.50%|  17.84%
 15.0s|   740 |   169 | 88712 | 118.9 |    40M |  32 | 841 | 588 | 573 |4018 |  2 | 236 | 803 | 1.101927e+03 | 1.162000e+03 |   5.45%|  19.01%
 16.0s|   750 |   167 | 89091 | 117.8 |    40M |  32 | 841 | 588 | 589 |4028 |  2 | 236 | 804 | 1.101927e+03 | 1.162000e+03 |   5.45%|  20.39%
 16.0s|   760 |   169 | 89622 | 116.9 |    40M |  32 | 841 | 588 | 576 |4078 |  2 | 236 | 805 | 1.101927e+03 | 1.162000e+03 |   5.45%|  20.68%
 16.0s|   770 |   169 | 89839 | 115.7 |    40M |  32 | 841 | 588 | 548 |4078 |  0 | 236 | 805 | 1.101927e+03 | 1.162000e+03 |   5.45%|  20.96%
 16.0s|   780 |   167 | 90058 | 114.5 |    40M |  32 | 841 | 590 | 572 |4088 |  0 | 238 | 807 | 1.101927e+03 | 1.162000e+03 |   5.45%|  21.72%
 16.0s|   790 |   169 | 90264 | 113.3 |    40M |  32 | 841 | 590 | 586 |4112 |  0 | 238 | 808 | 1.101927e+03 | 1.162000e+03 |   5.45%|  21.78%
 16.0s|   800 |   169 | 90986 | 112.8 |    40M |  32 | 841 | 590 | 578 |4128 |  2 | 238 | 808 | 1.104271e+03 | 1.162000e+03 |   5.23%|  22.49%
 16.0s|   810 |   165 | 91439 | 111.9 |    40M |  32 | 841 | 596 | 576 |4198 |  0 | 245 | 808 | 1.104271e+03 | 1.162000e+03 |   5.23%|  22.94%
 16.0s|   820 |   167 | 91822 | 111.0 |    40M |  32 | 841 | 596 | 586 |4248 |  2 | 245 | 811 | 1.104271e+03 | 1.162000e+03 |   5.23%|  23.23%
 16.0s|   830 |   171 | 91948 | 109.9 |    40M |  32 | 841 | 596 | 567 |4248 |  2 | 245 | 813 | 1.104271e+03 | 1.162000e+03 |   5.23%|  23.28%
 time | node  | left  |LP iter|LP it/n|mem/heur|mdpt |vars |cons |rows |cuts |sepa|confs|strbr|  dualbound   | primalbound  |  gap   | compl. 
 16.0s|   840 |   171 | 92422 | 109.1 |    40M |  32 | 841 | 596 | 560 |4308 |  1 | 247 | 813 | 1.104271e+03 | 1.162000e+03 |   5.23%|  23.75%
 16.0s|   850 |   173 | 92752 | 108.2 |    40M |  32 | 841 | 596 | 562 |4308 |  0 | 247 | 813 | 1.106352e+03 | 1.162000e+03 |   5.03%|  23.96%
 17.0s|   860 |   173 | 93601 | 107.9 |    40M |  32 | 841 | 596 | 560 |4378 |  0 | 247 | 817 | 1.107216e+03 | 1.162000e+03 |   4.95%|  24.94%
 17.0s|   870 |   173 | 94225 | 107.4 |    40M |  32 | 841 | 596 | 575 |4428 |  0 | 247 | 819 | 1.107216e+03 | 1.162000e+03 |   4.95%|  25.25%
 17.0s|   880 |   173 | 94704 | 106.7 |    40M |  32 | 841 | 596 | 624 |4428 |  2 | 247 | 819 | 1.107942e+03 | 1.162000e+03 |   4.88%|  26.27%
 17.0s|   890 |   171 | 95069 | 106.0 |    40M |  32 | 841 | 596 | 567 |4502 |  0 | 247 | 819 | 1.107942e+03 | 1.162000e+03 |   4.88%|  26.83%
 17.0s|   900 |   169 | 95323 | 105.1 |    40M |  32 | 841 | 596 | 576 |4512 |  0 | 247 | 819 | 1.107942e+03 | 1.162000e+03 |   4.88%|  27.36%
 17.0s|   910 |   171 | 95456 | 104.0 |    40M |  32 | 841 | 596 | 576 |4512 |  1 | 247 | 819 | 1.107942e+03 | 1.162000e+03 |   4.88%|  27.37%
 17.0s|   920 |   171 | 95597 | 103.1 |    40M |  32 | 841 | 596 | 578 |4522 |  0 | 247 | 819 | 1.107942e+03 | 1.162000e+03 |   4.88%|  27.37%
 17.0s|   930 |   173 | 95731 | 102.1 |    40M |  32 | 841 | 596 | 576 |4522 |  2 | 247 | 819 | 1.107942e+03 | 1.162000e+03 |   4.88%|  27.37%
 17.0s|   940 |   171 | 95785 | 101.1 |    40M |  32 | 841 | 596 | 565 |4522 |  0 | 248 | 819 | 1.107942e+03 | 1.162000e+03 |   4.88%|  27.47%
 17.0s|   950 |   175 | 95972 | 100.2 |    40M |  32 | 841 | 596 | 575 |4555 |  2 | 248 | 819 | 1.107942e+03 | 1.162000e+03 |   4.88%|  27.51%
 17.0s|   960 |   173 | 96208 |  99.4 |    40M |  32 | 841 | 596 | 577 |4555 |  2 | 248 | 819 | 1.107942e+03 | 1.162000e+03 |   4.88%|  27.51%
 17.0s|   970 |   175 | 96504 |  98.7 |    40M |  32 | 841 | 596 | 577 |4555 |  1 | 248 | 819 | 1.107942e+03 | 1.162000e+03 |   4.88%|  27.51%
 17.0s|   980 |   175 | 96645 |  97.8 |    40M |  32 | 841 | 600 | 577 |4555 |  2 | 252 | 819 | 1.107942e+03 | 1.162000e+03 |   4.88%|  27.51%
 time | node  | left  |LP iter|LP it/n|mem/heur|mdpt |vars |cons |rows |cuts |sepa|confs|strbr|  dualbound   | primalbound  |  gap   | compl. 
*17.0s|   982 |   166 | 96697 |  97.7 |    LP  |  32 | 841 | 600 | 579 |4565 |  1 | 252 | 819 | 1.107942e+03 | 1.160000e+03 |   4.70%|  27.75%
 17.0s|   990 |   164 | 97027 |  97.2 |    40M |  32 | 841 | 600 | 576 |4615 |  0 | 252 | 819 | 1.107942e+03 | 1.160000e+03 |   4.70%|  27.99%
 17.0s|  1000 |   164 | 97500 |  96.7 |    40M |  32 | 841 | 603 | 575 |4635 |  1 | 255 | 819 | 1.107942e+03 | 1.160000e+03 |   4.70%|  28.67%
 17.0s|  1010 |   164 | 97614 |  95.9 |    40M |  32 | 841 | 603 | 575 |4635 |  2 | 255 | 819 | 1.107942e+03 | 1.160000e+03 |   4.70%|  28.67%
 17.0s|  1020 |   166 | 97798 |  95.1 |    40M |  32 | 841 | 603 | 585 |4669 |  1 | 255 | 820 | 1.107942e+03 | 1.160000e+03 |   4.70%|  28.67%
 17.0s|  1030 |   162 | 97950 |  94.3 |    40M |  32 | 841 | 603 | 587 |4674 |  0 | 255 | 820 | 1.107942e+03 | 1.160000e+03 |   4.70%|  28.67%
 17.0s|  1040 |   164 | 98498 |  94.0 |    40M |  32 | 841 | 601 | 558 |4684 |  0 | 255 | 821 | 1.108463e+03 | 1.160000e+03 |   4.65%|  30.32%
 18.0s|  1050 |   166 | 98955 |  93.5 |    40M |  32 | 841 | 601 | 575 |4684 |  2 | 255 | 821 | 1.108463e+03 | 1.160000e+03 |   4.65%|  30.81%
 18.0s|  1060 |   168 | 99144 |  92.8 |    40M |  32 | 841 | 601 | 575 |4684 |  0 | 255 | 821 | 1.108463e+03 | 1.160000e+03 |   4.65%|  30.81%
 18.0s|  1070 |   168 | 99237 |  92.0 |    40M |  32 | 841 | 606 | 575 |4684 |  0 | 260 | 821 | 1.108463e+03 | 1.160000e+03 |   4.65%|  30.81%
 18.0s|  1080 |   166 | 99391 |  91.3 |    40M |  32 | 841 | 609 | 577 |4694 |  1 | 263 | 821 | 1.108463e+03 | 1.160000e+03 |   4.65%|  30.99%
 18.0s|  1090 |   166 | 99529 |  90.6 |    40M |  32 | 841 | 609 | 577 |4694 |  1 | 263 | 821 | 1.108463e+03 | 1.160000e+03 |   4.65%|  30.99%
 18.0s|  1100 |   164 | 99753 |  90.0 |    40M |  32 | 841 | 609 | 571 |4699 |  2 | 264 | 822 | 1.108463e+03 | 1.160000e+03 |   4.65%|  31.31%
 18.0s|  1110 |   166 | 99948 |  89.3 |    40M |  32 | 841 | 609 | 571 |4699 |  2 | 264 | 824 | 1.108463e+03 | 1.160000e+03 |   4.65%|  31.31%
 18.0s|  1120 |   166 |100288 |  88.8 |    40M |  32 | 841 | 609 | 573 |4713 |  2 | 265 | 825 | 1.108463e+03 | 1.160000e+03 |   4.65%|  31.40%
 time | node  | left  |LP iter|LP it/n|mem/heur|mdpt |vars |cons |rows |cuts |sepa|confs|strbr|  dualbound   | primalbound  |  gap   | compl. 
 18.0s|  1130 |   168 |100603 |  88.3 |    40M |  32 | 841 | 609 | 574 |4723 |  0 | 265 | 826 | 1.108463e+03 | 1.160000e+03 |   4.65%|  31.40%
 18.0s|  1140 |   170 |100843 |  87.8 |    40M |  32 | 841 | 609 | 573 |4723 |  0 | 265 | 827 | 1.110432e+03 | 1.160000e+03 |   4.46%|  31.57%
 18.0s|  1150 |   170 |101036 |  87.2 |    40M |  32 | 841 | 609 | 577 |4730 |  0 | 265 | 828 | 1.110432e+03 | 1.160000e+03 |   4.46%|  31.65%
 18.0s|  1160 |   168 |101364 |  86.7 |    40M |  32 | 841 | 614 | 570 |4760 |  1 | 270 | 830 | 1.110432e+03 | 1.160000e+03 |   4.46%|  32.17%
 18.0s|  1170 |   170 |101529 |  86.1 |    40M |  32 | 841 | 618 | 570 |4760 |  2 | 274 | 830 | 1.110432e+03 | 1.160000e+03 |   4.46%|  32.17%
 18.0s|  1180 |   168 |101887 |  85.7 |    40M |  32 | 841 | 618 | 574 |4810 |  2 | 274 | 830 | 1.110432e+03 | 1.160000e+03 |   4.46%|  32.62%
 18.0s|  1190 |   162 |102150 |  85.2 |    40M |  32 | 841 | 621 | 583 |4850 |  3 | 277 | 830 | 1.110432e+03 | 1.160000e+03 |   4.46%|  33.90%
 18.0s|  1200 |   166 |102560 |  84.8 |    40M |  32 | 841 | 621 | 570 |4850 |  1 | 277 | 832 | 1.110500e+03 | 1.160000e+03 |   4.46%|  34.20%
 18.0s|  1210 |   166 |102848 |  84.3 |    40M |  32 | 841 | 626 | 569 |4850 |  2 | 282 | 835 | 1.110500e+03 | 1.160000e+03 |   4.46%|  34.42%
 18.0s|  1220 |   166 |103355 |  84.1 |    40M |  32 | 841 | 634 | 576 |4910 |  3 | 290 | 838 | 1.110500e+03 | 1.160000e+03 |   4.46%|  34.69%
 18.0s|  1230 |   164 |104061 |  84.0 |    41M |  32 | 841 | 634 | 559 |4960 |  0 | 290 | 840 | 1.110500e+03 | 1.160000e+03 |   4.46%|  35.45%
 19.0s|  1240 |   164 |104891 |  84.0 |    41M |  32 | 841 | 636 | 562 |5020 |  0 | 292 | 843 | 1.110500e+03 | 1.160000e+03 |   4.46%|  36.18%
 19.0s|  1250 |   162 |105272 |  83.6 |    41M |  32 | 841 | 636 | 572 |5070 |  2 | 292 | 845 | 1.110500e+03 | 1.160000e+03 |   4.46%|  37.58%
 19.0s|  1260 |   162 |105524 |  83.1 |    41M |  32 | 841 | 636 | 564 |5120 |  0 | 292 | 845 | 1.110500e+03 | 1.160000e+03 |   4.46%|  37.73%
 19.0s|  1270 |   162 |106402 |  83.2 |    41M |  32 | 841 | 638 | 592 |5170 |  0 | 294 | 846 | 1.111157e+03 | 1.160000e+03 |   4.40%|  38.50%
 time | node  | left  |LP iter|LP it/n|mem/heur|mdpt |vars |cons |rows |cuts |sepa|confs|strbr|  dualbound   | primalbound  |  gap   | compl. 
 19.0s|  1280 |   160 |106557 |  82.6 |    41M |  32 | 841 | 638 | 555 |5170 |  0 | 294 | 846 | 1.111157e+03 | 1.160000e+03 |   4.40%|  38.98%
 19.0s|  1290 |   160 |106861 |  82.2 |    41M |  32 | 841 | 638 | 571 |5170 |  0 | 294 | 846 | 1.111157e+03 | 1.160000e+03 |   4.40%|  40.11%
 19.0s|  1300 |   162 |107138 |  81.8 |    41M |  32 | 841 | 643 | 571 |5170 |  1 | 299 | 847 | 1.111157e+03 | 1.160000e+03 |   4.40%|  40.30%
 19.0s|  1310 |   158 |107218 |  81.2 |    41M |  32 | 841 | 643 | 571 |5170 |  0 | 302 | 848 | 1.111157e+03 | 1.160000e+03 |   4.40%|  40.33%
 19.0s|  1320 |   154 |107498 |  80.8 |    41M |  32 | 841 | 643 | 624 |5170 |  0 | 302 | 848 | 1.112932e+03 | 1.160000e+03 |   4.23%|  41.48%
 19.0s|  1330 |   150 |108046 |  80.6 |    41M |  32 | 841 | 647 | 644 |5190 |  0 | 306 | 851 | 1.113006e+03 | 1.160000e+03 |   4.22%|  43.42%
 19.0s|  1340 |   150 |108615 |  80.5 |    41M |  32 | 841 | 650 | 591 |5190 |  0 | 309 | 854 | 1.114049e+03 | 1.160000e+03 |   4.12%|  43.98%
 20.0s|  1350 |   154 |109392 |  80.4 |    41M |  32 | 841 | 650 | 583 |5290 |  0 | 309 | 855 | 1.115132e+03 | 1.160000e+03 |   4.02%|  44.37%
 20.0s|  1360 |   158 |109675 |  80.1 |    41M |  32 | 841 | 650 | 583 |5290 |  3 | 309 | 856 | 1.115132e+03 | 1.160000e+03 |   4.02%|  44.40%
 20.0s|  1370 |   162 |109871 |  79.6 |    41M |  32 | 841 | 649 | 583 |5290 |  1 | 309 | 856 | 1.115132e+03 | 1.160000e+03 |   4.02%|  44.40%
 20.0s|  1380 |   156 |110025 |  79.2 |    41M |  32 | 841 | 652 | 585 |5317 |  0 | 312 | 857 | 1.115132e+03 | 1.160000e+03 |   4.02%|  44.40%
 20.0s|  1390 |   152 |110131 |  78.7 |    41M |  32 | 841 | 652 | 595 |5317 |  0 | 312 | 857 | 1.115132e+03 | 1.160000e+03 |   4.02%|  44.96%
 20.0s|  1400 |   152 |110522 |  78.4 |    41M |  32 | 841 | 652 | 595 |5317 |  0 | 312 | 857 | 1.115479e+03 | 1.160000e+03 |   3.99%|  45.21%
 20.0s|  1410 |   150 |110837 |  78.0 |    41M |  32 | 841 | 654 | 617 |5327 |  1 | 314 | 857 | 1.117603e+03 | 1.160000e+03 |   3.79%|  45.73%
 20.0s|  1420 |   150 |111117 |  77.7 |    41M |  32 | 841 | 654 | 588 |5327 |  0 | 314 | 857 | 1.118135e+03 | 1.160000e+03 |   3.74%|  46.36%
 time | node  | left  |LP iter|LP it/n|mem/heur|mdpt |vars |cons |rows |cuts |sepa|confs|strbr|  dualbound   | primalbound  |  gap   | compl. 
 20.0s|  1430 |   150 |111426 |  77.4 |    41M |  32 | 841 | 654 | 579 |5327 |  0 | 314 | 858 | 1.119535e+03 | 1.160000e+03 |   3.61%|  46.68%
 20.0s|  1440 |   150 |111831 |  77.1 |    41M |  32 | 841 | 654 | 574 |5327 |  0 | 314 | 858 | 1.119535e+03 | 1.160000e+03 |   3.61%|  47.29%
 20.0s|  1450 |   148 |112257 |  76.9 |    41M |  32 | 841 | 653 | 617 |5337 |  5 | 314 | 863 | 1.119535e+03 | 1.160000e+03 |   3.61%|  47.63%
 20.0s|  1460 |   148 |112475 |  76.5 |    41M |  32 | 841 | 652 | 589 |5337 |  1 | 314 | 863 | 1.119535e+03 | 1.160000e+03 |   3.61%|  47.63%
 20.0s|  1470 |   144 |112960 |  76.3 |    41M |  32 | 841 | 655 | 577 |5397 |  0 | 317 | 864 | 1.119535e+03 | 1.160000e+03 |   3.61%|  48.46%
 20.0s|  1480 |   150 |113595 |  76.2 |    41M |  32 | 841 | 655 | 579 |5447 |  1 | 317 | 865 | 1.120155e+03 | 1.160000e+03 |   3.56%|  48.56%
 20.0s|  1490 |   146 |113867 |  75.9 |    41M |  32 | 841 | 655 | 577 |5447 |  0 | 317 | 865 | 1.120155e+03 | 1.160000e+03 |   3.56%|  49.44%
 20.0s|  1500 |   148 |114547 |  75.8 |    41M |  32 | 841 | 654 | 569 |5447 |  0 | 317 | 867 | 1.120568e+03 | 1.160000e+03 |   3.52%|  49.79%
 21.0s|  1510 |   148 |114860 |  75.5 |    41M |  32 | 841 | 652 | 597 |5497 |  3 | 317 | 869 | 1.120568e+03 | 1.160000e+03 |   3.52%|  50.06%
 21.0s|  1520 |   146 |115120 |  75.2 |    41M |  32 | 841 | 654 | 554 |5497 |  0 | 319 | 869 | 1.120568e+03 | 1.160000e+03 |   3.52%|  50.76%
 21.0s|  1530 |   146 |115583 |  75.0 |    41M |  32 | 841 | 654 | 587 |5547 |  0 | 319 | 869 | 1.120568e+03 | 1.160000e+03 |   3.52%|  51.23%
 21.0s|  1540 |   142 |115669 |  74.6 |    41M |  32 | 841 | 654 | 547 |5547 |  0 | 319 | 869 | 1.120568e+03 | 1.160000e+03 |   3.52%|  51.61%
 21.0s|  1550 |   140 |116264 |  74.5 |    41M |  32 | 841 | 654 | 590 |5627 |  2 | 319 | 871 | 1.120636e+03 | 1.160000e+03 |   3.51%|  52.42%
 21.0s|  1560 |   138 |116826 |  74.4 |    41M |  32 | 841 | 654 | 582 |5627 |  3 | 319 | 873 | 1.120743e+03 | 1.160000e+03 |   3.50%|  54.88%
 21.0s|  1570 |   136 |117051 |  74.0 |    41M |  32 | 841 | 654 | 587 |5627 |  0 | 319 | 873 | 1.120743e+03 | 1.160000e+03 |   3.50%|  55.41%
 time | node  | left  |LP iter|LP it/n|mem/heur|mdpt |vars |cons |rows |cuts |sepa|confs|strbr|  dualbound   | primalbound  |  gap   | compl. 
 21.0s|  1580 |   142 |117585 |  73.9 |    41M |  32 | 841 | 654 | 608 |5677 |  1 | 319 | 875 | 1.121839e+03 | 1.160000e+03 |   3.40%|  55.45%
 21.0s|  1590 |   146 |117784 |  73.6 |    41M |  32 | 841 | 654 | 610 |5680 |  1 | 319 | 875 | 1.121839e+03 | 1.160000e+03 |   3.40%|  55.45%
*21.0s|  1594 |   137 |117918 |  73.5 |    LP  |  32 | 841 | 654 | 610 |5680 |  1 | 319 | 875 | 1.121839e+03 | 1.159000e+03 |   3.31%|  55.72%
 21.0s|  1600 |   139 |118078 |  73.3 |    41M |  32 | 841 | 654 | 614 |5710 |  1 | 319 | 876 | 1.121839e+03 | 1.159000e+03 |   3.31%|  55.83%
 21.0s|  1610 |   135 |118188 |  72.9 |    41M |  32 | 841 | 654 | 611 |5710 |  0 | 319 | 876 | 1.121839e+03 | 1.159000e+03 |   3.31%|  56.01%
 21.0s|  1620 |   135 |118360 |  72.6 |    41M |  32 | 841 | 654 | 609 |5710 |  2 | 319 | 876 | 1.121839e+03 | 1.159000e+03 |   3.31%|  56.22%
 21.0s|  1630 |   137 |118648 |  72.3 |    41M |  32 | 841 | 654 | 608 |5710 |  0 | 319 | 877 | 1.121839e+03 | 1.159000e+03 |   3.31%|  56.33%
 21.0s|  1640 |   135 |118914 |  72.0 |    41M |  32 | 841 | 654 | 623 |5734 |  3 | 319 | 878 | 1.121839e+03 | 1.159000e+03 |   3.31%|  56.44%
 21.0s|  1650 |   139 |120225 |  72.4 |    41M |  32 | 841 | 654 | 609 |5734 |  1 | 319 | 880 | 1.121839e+03 | 1.159000e+03 |   3.31%|  56.44%
 21.0s|  1660 |   139 |120496 |  72.1 |    41M |  32 | 841 | 653 | 588 |5734 |  0 | 319 | 880 | 1.121839e+03 | 1.159000e+03 |   3.31%|  56.45%
 21.0s|  1670 |   133 |120700 |  71.8 |    41M |  32 | 841 | 657 | 609 |5734 |  0 | 323 | 881 | 1.121839e+03 | 1.159000e+03 |   3.31%|  56.57%
 22.0s|  1680 |   129 |121504 |  71.8 |    41M |  32 | 841 | 657 | 692 |5784 |  5 | 323 | 882 | 1.121931e+03 | 1.159000e+03 |   3.30%|  57.52%
 22.0s|  1690 |   127 |121990 |  71.7 |    41M |  32 | 841 | 657 | 563 |5784 |  0 | 323 | 883 | 1.121931e+03 | 1.159000e+03 |   3.30%|  57.89%
 22.0s|  1700 |   123 |122373 |  71.5 |    41M |  32 | 841 | 657 | 640 |5834 |  0 | 323 | 883 | 1.121931e+03 | 1.159000e+03 |   3.30%|  59.69%
 22.0s|  1710 |   127 |122715 |  71.3 |    41M |  32 | 841 | 656 | 589 |5834 |  2 | 323 | 885 | 1.122981e+03 | 1.159000e+03 |   3.21%|  59.82%
 time | node  | left  |LP iter|LP it/n|mem/heur|mdpt |vars |cons |rows |cuts |sepa|confs|strbr|  dualbound   | primalbound  |  gap   | compl. 
 22.0s|  1720 |   129 |122849 |  71.0 |    41M |  32 | 841 | 656 | 590 |5844 |  0 | 323 | 885 | 1.122981e+03 | 1.159000e+03 |   3.21%|  59.82%
 22.0s|  1730 |   129 |122975 |  70.6 |    41M |  32 | 841 | 656 | 590 |5854 |  1 | 326 | 886 | 1.122981e+03 | 1.159000e+03 |   3.21%|  59.82%
 22.0s|  1740 |   123 |123125 |  70.3 |    41M |  32 | 841 | 656 | 574 |5872 |  0 | 328 | 886 | 1.122981e+03 | 1.159000e+03 |   3.21%|  59.82%
 22.0s|  1750 |   123 |123809 |  70.3 |    41M |  32 | 841 | 656 | 581 |5922 |  2 | 329 | 889 | 1.123291e+03 | 1.159000e+03 |   3.18%|  60.70%
 22.0s|  1760 |   125 |123967 |  70.0 |    41M |  32 | 841 | 656 | 581 |5922 |  1 | 329 | 889 | 1.123291e+03 | 1.159000e+03 |   3.18%|  60.70%
 22.0s|  1770 |   125 |124160 |  69.7 |    41M |  32 | 841 | 656 | 584 |5928 |  0 | 329 | 889 | 1.123291e+03 | 1.159000e+03 |   3.18%|  60.71%
 22.0s|  1780 |   121 |124516 |  69.5 |    41M |  32 | 841 | 655 | 567 |5928 |  2 | 329 | 889 | 1.123291e+03 | 1.159000e+03 |   3.18%|  61.19%
 22.0s|  1790 |   117 |124886 |  69.3 |    41M |  32 | 841 | 658 | 569 |5948 |  1 | 334 | 892 | 1.123291e+03 | 1.159000e+03 |   3.18%|  61.75%
 22.0s|  1800 |   113 |125279 |  69.2 |    42M |  32 | 841 | 658 | 613 |5948 |  0 | 334 | 892 | 1.123832e+03 | 1.159000e+03 |   3.13%|  63.02%
 23.0s|  1810 |   113 |125821 |  69.1 |    42M |  32 | 841 | 665 | 623 |5948 |  3 | 341 | 894 | 1.123963e+03 | 1.159000e+03 |   3.12%|  64.15%
 23.0s|  1820 |   113 |126157 |  68.9 |    42M |  32 | 841 | 665 | 623 |5948 |  0 | 341 | 895 | 1.123963e+03 | 1.159000e+03 |   3.12%|  64.15%
 23.0s|  1830 |   115 |126696 |  68.8 |    42M |  32 | 841 | 668 | 625 |5998 |  2 | 344 | 896 | 1.124192e+03 | 1.159000e+03 |   3.10%|  64.53%
 23.0s|  1840 |   115 |126904 |  68.5 |    42M |  32 | 841 | 668 | 623 |5998 |  2 | 344 | 896 | 1.124192e+03 | 1.159000e+03 |   3.10%|  64.57%
 23.0s|  1850 |   119 |127037 |  68.2 |    42M |  32 | 841 | 668 | 630 |6013 |  1 | 344 | 896 | 1.124192e+03 | 1.159000e+03 |   3.10%|  64.57%
 23.0s|  1860 |   119 |127246 |  68.0 |    42M |  32 | 841 | 668 | 632 |6039 |  0 | 344 | 896 | 1.124192e+03 | 1.159000e+03 |   3.10%|  64.57%
 time | node  | left  |LP iter|LP it/n|mem/heur|mdpt |vars |cons |rows |cuts |sepa|confs|strbr|  dualbound   | primalbound  |  gap   | compl. 
 23.0s|  1870 |   119 |127458 |  67.7 |    42M |  32 | 841 | 668 | 623 |6039 |  0 | 344 | 897 | 1.124318e+03 | 1.159000e+03 |   3.08%|  64.61%
 23.0s|  1880 |   123 |127877 |  67.6 |    42M |  32 | 841 | 668 | 623 |6039 |  3 | 344 | 899 | 1.124552e+03 | 1.159000e+03 |   3.06%|  65.01%
 23.0s|  1890 |   119 |127944 |  67.3 |    42M |  32 | 841 | 667 | 623 |6039 |  0 | 344 | 899 | 1.124552e+03 | 1.159000e+03 |   3.06%|  65.01%
 23.0s|  1900 |   121 |128332 |  67.1 |    42M |  32 | 841 | 667 | 624 |6089 |  0 | 344 | 899 | 1.126841e+03 | 1.159000e+03 |   2.85%|  65.11%
 23.0s|  1910 |   123 |128630 |  66.9 |    42M |  32 | 841 | 667 | 623 |6089 |  0 | 344 | 899 | 1.126841e+03 | 1.159000e+03 |   2.85%|  65.12%
 23.0s|  1920 |   127 |128908 |  66.7 |    42M |  32 | 841 | 667 | 635 |6114 |  1 | 344 | 899 | 1.126841e+03 | 1.159000e+03 |   2.85%|  65.12%
 23.0s|  1930 |   125 |129227 |  66.5 |    42M |  32 | 841 | 667 | 635 |6114 |  0 | 344 | 899 | 1.126841e+03 | 1.159000e+03 |   2.85%|  65.12%
 23.0s|  1940 |   125 |129503 |  66.3 |    42M |  32 | 841 | 670 | 635 |6124 |  0 | 347 | 899 | 1.126846e+03 | 1.159000e+03 |   2.85%|  65.13%
 23.0s|  1950 |   121 |129617 |  66.1 |    42M |  32 | 841 | 670 | 634 |6124 |  0 | 347 | 899 | 1.126846e+03 | 1.159000e+03 |   2.85%|  65.17%
 23.0s|  1960 |   117 |129874 |  65.8 |    42M |  32 | 841 | 669 | 590 |6124 |  2 | 347 | 899 | 1.126859e+03 | 1.159000e+03 |   2.85%|  66.13%
 23.0s|  1970 |   119 |130220 |  65.7 |    42M |  32 | 841 | 669 | 583 |6124 |  1 | 347 | 900 | 1.126859e+03 | 1.159000e+03 |   2.85%|  66.25%
 23.0s|  1980 |   117 |130340 |  65.4 |    42M |  32 | 841 | 669 | 583 |6124 |  2 | 347 | 900 | 1.126859e+03 | 1.159000e+03 |   2.85%|  66.29%
 23.0s|  1990 |   115 |130573 |  65.2 |    42M |  32 | 841 | 669 | 583 |6124 |  0 | 347 | 902 | 1.126859e+03 | 1.159000e+03 |   2.85%|  66.29%
 23.0s|  2000 |   115 |130882 |  65.0 |    42M |  32 | 841 | 669 | 568 |6124 |  2 | 347 | 902 | 1.126859e+03 | 1.159000e+03 |   2.85%|  66.57%
 23.0s|  2010 |   113 |131473 |  65.0 |    42M |  32 | 841 | 669 | 577 |6184 |  0 | 347 | 902 | 1.126859e+03 | 1.159000e+03 |   2.85%|  66.76%
 time | node  | left  |LP iter|LP it/n|mem/heur|mdpt |vars |cons |rows |cuts |sepa|confs|strbr|  dualbound   | primalbound  |  gap   | compl. 
 23.0s|  2020 |   107 |131850 |  64.9 |    42M |  32 | 841 | 669 | 568 |6184 |  0 | 347 | 904 | 1.126859e+03 | 1.159000e+03 |   2.85%|  67.58%
 24.0s|  2030 |   107 |132106 |  64.7 |    42M |  32 | 841 | 669 | 613 |6184 |  2 | 347 | 905 | 1.127159e+03 | 1.159000e+03 |   2.82%|  67.85%
 24.0s|  2040 |   109 |132288 |  64.4 |    42M |  32 | 841 | 669 | 582 |6184 |  1 | 347 | 905 | 1.127159e+03 | 1.159000e+03 |   2.82%|  67.85%
 24.0s|  2050 |   101 |132476 |  64.2 |    42M |  32 | 841 | 668 | 645 |6184 |  0 | 347 | 905 | 1.127159e+03 | 1.159000e+03 |   2.82%|  69.17%
 24.0s|  2060 |    99 |132877 |  64.1 |    42M |  32 | 841 | 668 | 590 |6204 |  0 | 347 | 905 | 1.127337e+03 | 1.159000e+03 |   2.81%|  69.99%
 24.0s|  2070 |    99 |133097 |  63.9 |    42M |  32 | 841 | 668 | 554 |6214 |  0 | 347 | 907 | 1.127337e+03 | 1.159000e+03 |   2.81%|  70.06%
 24.0s|  2080 |    97 |133505 |  63.8 |    42M |  32 | 841 | 668 | 621 |6264 |  0 | 347 | 907 | 1.127337e+03 | 1.159000e+03 |   2.81%|  70.37%
 24.0s|  2090 |    99 |135413 |  64.4 |    42M |  32 | 841 | 668 | 624 |6264 |  3 | 347 | 910 | 1.128167e+03 | 1.159000e+03 |   2.73%|  70.90%
 24.0s|  2100 |    95 |135805 |  64.3 |    42M |  32 | 841 | 670 | 577 |6314 |  0 | 349 | 912 | 1.128167e+03 | 1.159000e+03 |   2.73%|  71.22%
 24.0s|  2110 |    93 |136572 |  64.3 |    42M |  32 | 841 | 670 | 606 |6394 |  2 | 349 | 912 | 1.128476e+03 | 1.159000e+03 |   2.70%|  73.72%
 24.0s|  2120 |    93 |137035 |  64.3 |    42M |  32 | 841 | 670 | 590 |6394 |  2 | 349 | 912 | 1.128476e+03 | 1.159000e+03 |   2.70%|  73.86%
 24.0s|  2130 |    89 |137354 |  64.1 |    42M |  32 | 841 | 670 | 567 |6394 |  0 | 349 | 912 | 1.128476e+03 | 1.159000e+03 |   2.70%|  74.50%
 24.0s|  2140 |    91 |137541 |  63.9 |    42M |  32 | 841 | 670 | 591 |6404 |  0 | 349 | 913 | 1.128752e+03 | 1.159000e+03 |   2.68%|  74.67%
 24.0s|  2150 |    89 |137795 |  63.7 |    42M |  32 | 841 | 676 | 588 |6410 |  0 | 356 | 915 | 1.128935e+03 | 1.159000e+03 |   2.66%|  75.99%
 24.0s|  2160 |    91 |138213 |  63.6 |    42M |  32 | 841 | 676 | 590 |6410 |  2 | 356 | 915 | 1.129758e+03 | 1.159000e+03 |   2.59%|  76.09%
 time | node  | left  |LP iter|LP it/n|mem/heur|mdpt |vars |cons |rows |cuts |sepa|confs|strbr|  dualbound   | primalbound  |  gap   | compl. 
 25.0s|  2170 |    89 |138533 |  63.5 |    42M |  32 | 841 | 685 | 604 |6456 |  0 | 367 | 918 | 1.129758e+03 | 1.159000e+03 |   2.59%|  76.16%
 25.0s|  2180 |    87 |138866 |  63.3 |    42M |  32 | 841 | 689 | 586 |6466 |  2 | 371 | 918 | 1.129758e+03 | 1.159000e+03 |   2.59%|  76.39%
 25.0s|  2190 |    87 |139323 |  63.2 |    42M |  32 | 841 | 689 | 581 |6476 |  1 | 371 | 918 | 1.129758e+03 | 1.159000e+03 |   2.59%|  76.81%
 25.0s|  2200 |    83 |139530 |  63.1 |    42M |  32 | 841 | 689 | 611 |6486 |  2 | 371 | 918 | 1.129758e+03 | 1.159000e+03 |   2.59%|  77.21%
 25.0s|  2210 |    79 |139869 |  62.9 |    42M |  32 | 841 | 689 | 599 |6486 |  0 | 371 | 918 | 1.129758e+03 | 1.159000e+03 |   2.59%|  77.74%
 25.0s|  2220 |    75 |140217 |  62.8 |    42M |  32 | 841 | 687 | 559 |6486 |  0 | 371 | 918 | 1.129758e+03 | 1.159000e+03 |   2.59%|  79.02%
 25.0s|  2230 |    71 |140713 |  62.7 |    42M |  32 | 841 | 687 | 573 |6536 |  2 | 371 | 918 | 1.129758e+03 | 1.159000e+03 |   2.59%|  80.84%
 25.0s|  2240 |    67 |140879 |  62.5 |    42M |  32 | 841 | 687 | 604 |6536 |  0 | 371 | 919 | 1.129758e+03 | 1.159000e+03 |   2.59%|  80.91%
 25.0s|  2250 |    67 |141377 |  62.5 |    42M |  32 | 841 | 686 | 596 |6536 |  0 | 371 | 920 | 1.130991e+03 | 1.159000e+03 |   2.48%|  81.21%
 25.0s|  2260 |    71 |141810 |  62.4 |    42M |  32 | 841 | 686 | 601 |6582 |  3 | 371 | 921 | 1.130991e+03 | 1.159000e+03 |   2.48%|  81.22%
 25.0s|  2270 |    67 |142079 |  62.2 |    42M |  32 | 841 | 685 | 611 |6592 |  1 | 373 | 921 | 1.130991e+03 | 1.159000e+03 |   2.48%|  81.27%
 25.0s|  2280 |    73 |142441 |  62.1 |    42M |  32 | 841 | 685 | 596 |6592 |  1 | 373 | 921 | 1.131042e+03 | 1.159000e+03 |   2.47%|  81.31%
*25.0s|  2287 |    73 |142558 |  62.0 |    LP  |  32 | 841 | 685 | 596 |6608 |  1 | 374 | 921 | 1.131042e+03 | 1.158000e+03 |   2.38%|  81.39%
 25.0s|  2290 |    72 |142592 |  61.9 |    42M |  32 | 841 | 685 | 596 |6608 |  0 | 374 | 921 | 1.131042e+03 | 1.158000e+03 |   2.38%|  81.43%
 25.0s|  2300 |    70 |142715 |  61.7 |    42M |  32 | 841 | 685 | 597 |6618 |  0 | 374 | 921 | 1.131042e+03 | 1.158000e+03 |   2.38%|  81.51%
 time | node  | left  |LP iter|LP it/n|mem/heur|mdpt |vars |cons |rows |cuts |sepa|confs|strbr|  dualbound   | primalbound  |  gap   | compl. 
 25.0s|  2310 |    68 |143056 |  61.6 |    42M |  32 | 841 | 685 | 599 |6618 |  0 | 374 | 924 | 1.131414e+03 | 1.158000e+03 |   2.35%|  82.08%
 25.0s|  2320 |    68 |143412 |  61.5 |    42M |  32 | 841 | 685 | 618 |6651 |  1 | 374 | 924 | 1.131414e+03 | 1.158000e+03 |   2.35%|  82.34%
 25.0s|  2330 |    70 |143534 |  61.3 |    42M |  32 | 841 | 685 | 618 |6651 |  0 | 374 | 925 | 1.131414e+03 | 1.158000e+03 |   2.35%|  82.34%
 25.0s|  2340 |    70 |143748 |  61.1 |    42M |  32 | 841 | 687 | 624 |6674 |  2 | 377 | 927 | 1.131414e+03 | 1.158000e+03 |   2.35%|  82.34%
 25.0s|  2350 |    68 |143799 |  60.8 |    42M |  32 | 841 | 687 | 625 |6674 |  0 | 377 | 927 | 1.131414e+03 | 1.158000e+03 |   2.35%|  82.34%
 26.0s|  2360 |    66 |144461 |  60.9 |    42M |  32 | 841 | 687 | 607 |6714 |  0 | 377 | 929 | 1.132302e+03 | 1.158000e+03 |   2.27%|  82.85%
 26.0s|  2370 |    66 |144811 |  60.8 |    42M |  32 | 841 | 689 | 608 |6714 |  1 | 379 | 930 | 1.132753e+03 | 1.158000e+03 |   2.23%|  83.28%
 26.0s|  2380 |    62 |145110 |  60.6 |    42M |  32 | 841 | 692 | 633 |6724 |  0 | 383 | 930 | 1.132753e+03 | 1.158000e+03 |   2.23%|  84.03%
 26.0s|  2390 |    58 |145743 |  60.6 |    42M |  32 | 841 | 692 | 606 |6724 |  0 | 383 | 932 | 1.134710e+03 | 1.158000e+03 |   2.05%|  85.28%
 26.0s|  2400 |    50 |145981 |  60.5 |    42M |  32 | 841 | 692 | 613 |6724 |  0 | 383 | 932 | 1.134710e+03 | 1.158000e+03 |   2.05%|  86.86%
 26.0s|  2410 |    44 |146333 |  60.4 |    42M |  32 | 841 | 696 | 598 |6724 |  0 | 387 | 933 | 1.134763e+03 | 1.158000e+03 |   2.05%|  89.30%
 26.0s|  2420 |    42 |146637 |  60.3 |    42M |  32 | 841 | 696 | 608 |6724 |  0 | 387 | 935 | 1.135317e+03 | 1.158000e+03 |   2.00%|  91.14%
 26.0s|  2430 |    38 |147066 |  60.2 |    42M |  32 | 841 | 696 | 684 |6758 |  2 | 387 | 935 | 1.135317e+03 | 1.158000e+03 |   2.00%|  92.57%
 26.0s|  2440 |    34 |147371 |  60.1 |    42M |  32 | 841 | 696 | 568 |6758 |  0 | 387 | 936 | 1.135317e+03 | 1.158000e+03 |   2.00%|  92.86%
 26.0s|  2450 |    32 |147719 |  60.0 |    42M |  32 | 841 | 696 | 598 |6778 |  0 | 387 | 936 | 1.135317e+03 | 1.158000e+03 |   2.00%|  93.81%
 time | node  | left  |LP iter|LP it/n|mem/heur|mdpt |vars |cons |rows |cuts |sepa|confs|strbr|  dualbound   | primalbound  |  gap   | compl. 
 26.0s|  2460 |    28 |147849 |  59.8 |    42M |  32 | 841 | 696 | 570 |6778 |  0 | 387 | 936 | 1.135317e+03 | 1.158000e+03 |   2.00%|  94.18%
 26.0s|  2470 |    26 |148127 |  59.6 |    42M |  32 | 841 | 696 | 587 |6778 |  2 | 387 | 936 | 1.136218e+03 | 1.158000e+03 |   1.92%|  95.30%
 26.0s|  2480 |    20 |148527 |  59.6 |    42M |  32 | 841 | 696 | 556 |6778 |  0 | 387 | 936 | 1.138094e+03 | 1.158000e+03 |   1.75%|  96.43%
 26.0s|  2490 |    22 |148709 |  59.4 |    42M |  32 | 841 | 696 | 585 |6778 |  1 | 387 | 936 | 1.138405e+03 | 1.158000e+03 |   1.72%|  96.80%
 26.0s|  2500 |    18 |148949 |  59.3 |    42M |  32 | 841 | 696 | 646 |6778 |  2 | 387 | 936 | 1.138405e+03 | 1.158000e+03 |   1.72%|  97.31%
 27.0s|  2510 |    10 |149196 |  59.1 |    42M |  32 | 841 | 697 | 635 |6818 |  0 | 389 | 937 | 1.138405e+03 | 1.158000e+03 |   1.72%|  98.26%
 27.0s|  2520 |     6 |149460 |  59.0 |    42M |  32 | 841 | 697 | 603 |6818 |  0 | 389 | 938 | 1.139892e+03 | 1.158000e+03 |   1.59%|  98.99%
 27.0s|  2530 |     2 |149716 |  58.9 |    42M |  32 | 841 | 695 | 592 |6818 |  0 | 389 | 938 | 1.146218e+03 | 1.158000e+03 |   1.03%|  99.73%
 27.0s|  2540 |     2 |149991 |  58.7 |    42M |  32 | 841 | 603 | 587 |6818 |  0 | 389 | 938 | 1.150943e+03 | 1.158000e+03 |   0.61%|  99.85%

SCIP Status        : problem is solved [optimal solution found]
Solving Time (sec) : 27.00
Solving Nodes      : 2542
Primal Bound       : +1.15800000000000e+03 (13 solutions)
Dual Bound         : +1.15800000000000e+03
Gap                : 0.00 %
